// 重构日志: bec36e26
// 重构日志: 7783b41d
// 重构日志: 7b15fcc4
// 重构日志: 35c04626
// 重构日志: 0b99359a
// 同步 ID: 5f52925a @ Fri Jul  3 01:24:48 UTC 2026
// 重构日志: 55d6c5e7
// 重构日志: ca46ef75
// 重构日志: 7dec8203
// 同步 ID: 11e66ad1 @ Sat Jul  4 12:01:17 UTC 2026
// 重构日志: 64fb44cb
// 重构日志: 4fa7454e
// 同步 ID: 1bb14187 @ Tue Jul  7 06:12:06 UTC 2026
// 同步 ID: 0d378c7e @ Wed Jul  8 22:13:44 UTC 2026
// 同步 ID: f6fecd38 @ Fri Jul 10 01:30:30 UTC 2026
// 重构日志: 5a4b95d9
// 同步 ID: e89cf38e @ Fri Jul 10 15:26:36 UTC 2026
// 同步 ID: 8b730f3f @ Sat Jul 11 05:33:14 UTC 2026
// 同步 ID: 3659eb85 @ Sat Jul 11 11:43:45 UTC 2026
// 同步 ID: a7bd5b32 @ Sat Jul 11 14:33:46 UTC 2026
// 重构日志: 9d6ee6a7
// 重构日志: 965e30fb
// 同步 ID: 21b75126 @ Sun Jul 12 10:34:13 UTC 2026
// 同步 ID: 8975935c @ Sun Jul 12 17:50:33 UTC 2026
// 同步 ID: 1791773c @ Mon Jul 13 05:20:26 UTC 2026
// 同步 ID: a68cc0a7 @ Mon Jul 13 09:18:33 UTC 2026
// 重构日志: d082ed56
// 重构日志: 40f1780e
// 重构日志: fb9b5c66
// 同步 ID: 9e0d511c @ Wed Jul 15 21:46:49 UTC 2026
